<?xml version="1.0" encoding="UTF-8"?>
<!-- Generated by org.testng.reporters.JUnitReportReporter -->
<testsuite skipped="0" hostname="Punitha" name="org.test.ProgramFirst" tests="1" failures="0" timestamp="15 Dec 2020 17:54:54 GMT" time="34.682" errors="0">
  <testcase name="tc1" time="34.682" classname="org.test.ProgramFirst"/>
</testsuite> <!-- org.test.ProgramFirst -->
